/*C3*/SET SCHEMA PUBLIC
CREATE TABLE if not exists LogEvent (EVENT_ID VARCHAR(50) , EVENT_DURATION INT , EVENT_TYPE VARCHAR(20) , EVENT_HOST VARCHAR(20), EVENT_FLAG BIT  DEFAULT FALSE NOT NULL)
INSERT INTO LOGEVENT VALUES('scsmbstgrl',1023843504,'NA','NA','1')
COMMIT
INSERT INTO LOGEVENT VALUES('scsmbstgrm',1023843505,'APPLICATION_LOG','12345','1')
COMMIT
INSERT INTO LOGEVENT VALUES('scsmbstgrn',1023843498,'NA','NA','1')
COMMIT
INSERT INTO LOGEVENT VALUES('scsmbstgro',1023843504,'NA','NA','1')
COMMIT
INSERT INTO LOGEVENT VALUES('scsmbstgrd',1023843505,'APPLICATION_LOG','12345','1')
COMMIT
INSERT INTO LOGEVENT VALUES('scsmbstgre',1023843504,'NA','NA','1')
COMMIT
INSERT INTO LOGEVENT VALUES('scsmbstgrf',1023843498,'NA','NA','1')
COMMIT
INSERT INTO LOGEVENT VALUES('scsmbstgrg',1023843505,'APPLICATION_LOG','12345','1')
COMMIT
INSERT INTO LOGEVENT VALUES('scsmbstgrh',1023843504,'NA','NA','1')
COMMIT
INSERT INTO LOGEVENT VALUES('scsmbstgri',1023843498,'NA','NA','1')
COMMIT
INSERT INTO LOGEVENT VALUES('scsmbstgrj',1023843505,'APPLICATION_LOG','12345','1')
COMMIT
INSERT INTO LOGEVENT VALUES('scsmbstgrk',1023843498,'NA','NA','1')
COMMIT
INSERT INTO LOGEVENT VALUES('scsmbstgra',1023843505,'APPLICATION_LOG','12345','1')
COMMIT
INSERT INTO LOGEVENT VALUES('scsmbstgrb',1023843504,'NA','NA','1')
COMMIT
INSERT INTO LOGEVENT VALUES('scsmbstgrc',1023843498,'NA','NA','1')
COMMIT
INSERT INTO LOGEVENT VALUES('ROHAL',3,'NA','NA','0')
COMMIT
DISCONNECT
